This is pdfTeX, Version 3.14159265-2.6-1.40.18 (MiKTeX 2.9.6500 64-bit) (preloaded format=pdflatex 2017.12.19)  19 DEC 2017 16:04
entering extended mode
**./Bachelorarbeit.tex
(Bachelorarbeit.tex
LaTeX2e <2017-04-15>
Babel <3.15> and hyphenation patterns for 75 language(s) loaded.
("C:\Program Files\MiKTeX 2.9\tex\latex\base\report.cls"
Document Class: report 2014/09/29 v1.4h Standard LaTeX document class
("C:\Program Files\MiKTeX 2.9\tex\latex\base\size12.clo"
File: size12.clo 2014/09/29 v1.4h Standard LaTeX file (size option)
)
\c@part=\count79
\c@chapter=\count80
\c@section=\count81
\c@subsection=\count82
\c@subsubsection=\count83
\c@paragraph=\count84
\c@subparagraph=\count85
\c@figure=\count86
\c@table=\count87
\abovecaptionskip=\skip41
\belowcaptionskip=\skip42
\bibindent=\dimen102
)
("C:\Program Files\MiKTeX 2.9\tex\latex\base\inputenc.sty"
Package: inputenc 2015/03/17 v1.2c Input encoding file
\inpenc@prehook=\toks14
\inpenc@posthook=\toks15

("C:\Program Files\MiKTeX 2.9\tex\latex\base\utf8.def"
File: utf8.def 2017/01/28 v1.1t UTF-8 support for inputenc
Now handling font encoding OML ...
... no UTF-8 mapping file for font encoding OML
Now handling font encoding T1 ...
... processing UTF-8 mapping file for font encoding T1

("C:\Program Files\MiKTeX 2.9\tex\latex\base\t1enc.dfu"
File: t1enc.dfu 2017/01/28 v1.1t UTF-8 support for inputenc
   defining Unicode char U+00A0 (decimal 160)
   defining Unicode char U+00A1 (decimal 161)
   defining Unicode char U+00A3 (decimal 163)
   defining Unicode char U+00AB (decimal 171)
   defining Unicode char U+00AD (decimal 173)
   defining Unicode char U+00BB (decimal 187)
   defining Unicode char U+00BF (decimal 191)
   defining Unicode char U+00C0 (decimal 192)
   defining Unicode char U+00C1 (decimal 193)
   defining Unicode char U+00C2 (decimal 194)
   defining Unicode char U+00C3 (decimal 195)
   defining Unicode char U+00C4 (decimal 196)
   defining Unicode char U+00C5 (decimal 197)
   defining Unicode char U+00C6 (decimal 198)
   defining Unicode char U+00C7 (decimal 199)
   defining Unicode char U+00C8 (decimal 200)
   defining Unicode char U+00C9 (decimal 201)
   defining Unicode char U+00CA (decimal 202)
   defining Unicode char U+00CB (decimal 203)
   defining Unicode char U+00CC (decimal 204)
   defining Unicode char U+00CD (decimal 205)
   defining Unicode char U+00CE (decimal 206)
   defining Unicode char U+00CF (decimal 207)
   defining Unicode char U+00D0 (decimal 208)
   defining Unicode char U+00D1 (decimal 209)
   defining Unicode char U+00D2 (decimal 210)
   defining Unicode char U+00D3 (decimal 211)
   defining Unicode char U+00D4 (decimal 212)
   defining Unicode char U+00D5 (decimal 213)
   defining Unicode char U+00D6 (decimal 214)
   defining Unicode char U+00D8 (decimal 216)
   defining Unicode char U+00D9 (decimal 217)
   defining Unicode char U+00DA (decimal 218)
   defining Unicode char U+00DB (decimal 219)
   defining Unicode char U+00DC (decimal 220)
   defining Unicode char U+00DD (decimal 221)
   defining Unicode char U+00DE (decimal 222)
   defining Unicode char U+00DF (decimal 223)
   defining Unicode char U+00E0 (decimal 224)
   defining Unicode char U+00E1 (decimal 225)
   defining Unicode char U+00E2 (decimal 226)
   defining Unicode char U+00E3 (decimal 227)
   defining Unicode char U+00E4 (decimal 228)
   defining Unicode char U+00E5 (decimal 229)
   defining Unicode char U+00E6 (decimal 230)
   defining Unicode char U+00E7 (decimal 231)
   defining Unicode char U+00E8 (decimal 232)
   defining Unicode char U+00E9 (decimal 233)
   defining Unicode char U+00EA (decimal 234)
   defining Unicode char U+00EB (decimal 235)
   defining Unicode char U+00EC (decimal 236)
   defining Unicode char U+00ED (decimal 237)
   defining Unicode char U+00EE (decimal 238)
   defining Unicode char U+00EF (decimal 239)
   defining Unicode char U+00F0 (decimal 240)
   defining Unicode char U+00F1 (decimal 241)
   defining Unicode char U+00F2 (decimal 242)
   defining Unicode char U+00F3 (decimal 243)
   defining Unicode char U+00F4 (decimal 244)
   defining Unicode char U+00F5 (decimal 245)
   defining Unicode char U+00F6 (decimal 246)
   defining Unicode char U+00F8 (decimal 248)
   defining Unicode char U+00F9 (decimal 249)
   defining Unicode char U+00FA (decimal 250)
   defining Unicode char U+00FB (decimal 251)
   defining Unicode char U+00FC (decimal 252)
   defining Unicode char U+00FD (decimal 253)
   defining Unicode char U+00FE (decimal 254)
   defining Unicode char U+00FF (decimal 255)
   defining Unicode char U+0100 (decimal 256)
   defining Unicode char U+0101 (decimal 257)
   defining Unicode char U+0102 (decimal 258)
   defining Unicode char U+0103 (decimal 259)
   defining Unicode char U+0104 (decimal 260)
   defining Unicode char U+0105 (decimal 261)
   defining Unicode char U+0106 (decimal 262)
   defining Unicode char U+0107 (decimal 263)
   defining Unicode char U+0108 (decimal 264)
   defining Unicode char U+0109 (decimal 265)
   defining Unicode char U+010A (decimal 266)
   defining Unicode char U+010B (decimal 267)
   defining Unicode char U+010C (decimal 268)
   defining Unicode char U+010D (decimal 269)
   defining Unicode char U+010E (decimal 270)
   defining Unicode char U+010F (decimal 271)
   defining Unicode char U+0110 (decimal 272)
   defining Unicode char U+0111 (decimal 273)
   defining Unicode char U+0112 (decimal 274)
   defining Unicode char U+0113 (decimal 275)
   defining Unicode char U+0114 (decimal 276)
   defining Unicode char U+0115 (decimal 277)
   defining Unicode char U+0116 (decimal 278)
   defining Unicode char U+0117 (decimal 279)
   defining Unicode char U+0118 (decimal 280)
   defining Unicode char U+0119 (decimal 281)
   defining Unicode char U+011A (decimal 282)
   defining Unicode char U+011B (decimal 283)
   defining Unicode char U+011C (decimal 284)
   defining Unicode char U+011D (decimal 285)
   defining Unicode char U+011E (decimal 286)
   defining Unicode char U+011F (decimal 287)
   defining Unicode char U+0120 (decimal 288)
   defining Unicode char U+0121 (decimal 289)
   defining Unicode char U+0122 (decimal 290)
   defining Unicode char U+0123 (decimal 291)
   defining Unicode char U+0124 (decimal 292)
   defining Unicode char U+0125 (decimal 293)
   defining Unicode char U+0128 (decimal 296)
   defining Unicode char U+0129 (decimal 297)
   defining Unicode char U+012A (decimal 298)
   defining Unicode char U+012B (decimal 299)
   defining Unicode char U+012C (decimal 300)
   defining Unicode char U+012D (decimal 301)
   defining Unicode char U+012E (decimal 302)
   defining Unicode char U+012F (decimal 303)
   defining Unicode char U+0130 (decimal 304)
   defining Unicode char U+0131 (decimal 305)
   defining Unicode char U+0132 (decimal 306)
   defining Unicode char U+0133 (decimal 307)
   defining Unicode char U+0134 (decimal 308)
   defining Unicode char U+0135 (decimal 309)
   defining Unicode char U+0136 (decimal 310)
   defining Unicode char U+0137 (decimal 311)
   defining Unicode char U+0139 (decimal 313)
   defining Unicode char U+013A (decimal 314)
   defining Unicode char U+013B (decimal 315)
   defining Unicode char U+013C (decimal 316)
   defining Unicode char U+013D (decimal 317)
   defining Unicode char U+013E (decimal 318)
   defining Unicode char U+0141 (decimal 321)
   defining Unicode char U+0142 (decimal 322)
   defining Unicode char U+0143 (decimal 323)
   defining Unicode char U+0144 (decimal 324)
   defining Unicode char U+0145 (decimal 325)
   defining Unicode char U+0146 (decimal 326)
   defining Unicode char U+0147 (decimal 327)
   defining Unicode char U+0148 (decimal 328)
   defining Unicode char U+014A (decimal 330)
   defining Unicode char U+014B (decimal 331)
   defining Unicode char U+014C (decimal 332)
   defining Unicode char U+014D (decimal 333)
   defining Unicode char U+014E (decimal 334)
   defining Unicode char U+014F (decimal 335)
   defining Unicode char U+0150 (decimal 336)
   defining Unicode char U+0151 (decimal 337)
   defining Unicode char U+0152 (decimal 338)
   defining Unicode char U+0153 (decimal 339)
   defining Unicode char U+0154 (decimal 340)
   defining Unicode char U+0155 (decimal 341)
   defining Unicode char U+0156 (decimal 342)
   defining Unicode char U+0157 (decimal 343)
   defining Unicode char U+0158 (decimal 344)
   defining Unicode char U+0159 (decimal 345)
   defining Unicode char U+015A (decimal 346)
   defining Unicode char U+015B (decimal 347)
   defining Unicode char U+015C (decimal 348)
   defining Unicode char U+015D (decimal 349)
   defining Unicode char U+015E (decimal 350)
   defining Unicode char U+015F (decimal 351)
   defining Unicode char U+0160 (decimal 352)
   defining Unicode char U+0161 (decimal 353)
   defining Unicode char U+0162 (decimal 354)
   defining Unicode char U+0163 (decimal 355)
   defining Unicode char U+0164 (decimal 356)
   defining Unicode char U+0165 (decimal 357)
   defining Unicode char U+0168 (decimal 360)
   defining Unicode char U+0169 (decimal 361)
   defining Unicode char U+016A (decimal 362)
   defining Unicode char U+016B (decimal 363)
   defining Unicode char U+016C (decimal 364)
   defining Unicode char U+016D (decimal 365)
   defining Unicode char U+016E (decimal 366)
   defining Unicode char U+016F (decimal 367)
   defining Unicode char U+0170 (decimal 368)
   defining Unicode char U+0171 (decimal 369)
   defining Unicode char U+0172 (decimal 370)
   defining Unicode char U+0173 (decimal 371)
   defining Unicode char U+0174 (decimal 372)
   defining Unicode char U+0175 (decimal 373)
   defining Unicode char U+0176 (decimal 374)
   defining Unicode char U+0177 (decimal 375)
   defining Unicode char U+0178 (decimal 376)
   defining Unicode char U+0179 (decimal 377)
   defining Unicode char U+017A (decimal 378)
   defining Unicode char U+017B (decimal 379)
   defining Unicode char U+017C (decimal 380)
   defining Unicode char U+017D (decimal 381)
   defining Unicode char U+017E (decimal 382)
   defining Unicode char U+01CD (decimal 461)
   defining Unicode char U+01CE (decimal 462)
   defining Unicode char U+01CF (decimal 463)
   defining Unicode char U+01D0 (decimal 464)
   defining Unicode char U+01D1 (decimal 465)
   defining Unicode char U+01D2 (decimal 466)
   defining Unicode char U+01D3 (decimal 467)
   defining Unicode char U+01D4 (decimal 468)
   defining Unicode char U+01E2 (decimal 482)
   defining Unicode char U+01E3 (decimal 483)
   defining Unicode char U+01E6 (decimal 486)
   defining Unicode char U+01E7 (decimal 487)
   defining Unicode char U+01E8 (decimal 488)
   defining Unicode char U+01E9 (decimal 489)
   defining Unicode char U+01EA (decimal 490)
   defining Unicode char U+01EB (decimal 491)
   defining Unicode char U+01F0 (decimal 496)
   defining Unicode char U+01F4 (decimal 500)
   defining Unicode char U+01F5 (decimal 501)
   defining Unicode char U+0218 (decimal 536)
   defining Unicode char U+0219 (decimal 537)
   defining Unicode char U+021A (decimal 538)
   defining Unicode char U+021B (decimal 539)
   defining Unicode char U+0232 (decimal 562)
   defining Unicode char U+0233 (decimal 563)
   defining Unicode char U+1E02 (decimal 7682)
   defining Unicode char U+1E03 (decimal 7683)
   defining Unicode char U+200C (decimal 8204)
   defining Unicode char U+2010 (decimal 8208)
   defining Unicode char U+2011 (decimal 8209)
   defining Unicode char U+2012 (decimal 8210)
   defining Unicode char U+2013 (decimal 8211)
   defining Unicode char U+2014 (decimal 8212)
   defining Unicode char U+2015 (decimal 8213)
   defining Unicode char U+2018 (decimal 8216)
   defining Unicode char U+2019 (decimal 8217)
   defining Unicode char U+201A (decimal 8218)
   defining Unicode char U+201C (decimal 8220)
   defining Unicode char U+201D (decimal 8221)
   defining Unicode char U+201E (decimal 8222)
   defining Unicode char U+2030 (decimal 8240)
   defining Unicode char U+2031 (decimal 8241)
   defining Unicode char U+2039 (decimal 8249)
   defining Unicode char U+203A (decimal 8250)
   defining Unicode char U+2423 (decimal 9251)
   defining Unicode char U+1E20 (decimal 7712)
   defining Unicode char U+1E21 (decimal 7713)
)
Now handling font encoding OT1 ...
... processing UTF-8 mapping file for font encoding OT1

("C:\Program Files\MiKTeX 2.9\tex\latex\base\ot1enc.dfu"
File: ot1enc.dfu 2017/01/28 v1.1t UTF-8 support for inputenc
   defining Unicode char U+00A0 (decimal 160)
   defining Unicode char U+00A1 (decimal 161)
   defining Unicode char U+00A3 (decimal 163)
   defining Unicode char U+00AD (decimal 173)
   defining Unicode char U+00B8 (decimal 184)
   defining Unicode char U+00BF (decimal 191)
   defining Unicode char U+00C5 (decimal 197)
   defining Unicode char U+00C6 (decimal 198)
   defining Unicode char U+00D8 (decimal 216)
   defining Unicode char U+00DF (decimal 223)
   defining Unicode char U+00E6 (decimal 230)
   defining Unicode char U+00EC (decimal 236)
   defining Unicode char U+00ED (decimal 237)
   defining Unicode char U+00EE (decimal 238)
   defining Unicode char U+00EF (decimal 239)
   defining Unicode char U+00F8 (decimal 248)
   defining Unicode char U+0131 (decimal 305)
   defining Unicode char U+0141 (decimal 321)
   defining Unicode char U+0142 (decimal 322)
   defining Unicode char U+0152 (decimal 338)
   defining Unicode char U+0153 (decimal 339)
   defining Unicode char U+0174 (decimal 372)
   defining Unicode char U+0175 (decimal 373)
   defining Unicode char U+0176 (decimal 374)
   defining Unicode char U+0177 (decimal 375)
   defining Unicode char U+0218 (decimal 536)
   defining Unicode char U+0219 (decimal 537)
   defining Unicode char U+021A (decimal 538)
   defining Unicode char U+021B (decimal 539)
   defining Unicode char U+2013 (decimal 8211)
   defining Unicode char U+2014 (decimal 8212)
   defining Unicode char U+2018 (decimal 8216)
   defining Unicode char U+2019 (decimal 8217)
   defining Unicode char U+201C (decimal 8220)
   defining Unicode char U+201D (decimal 8221)
)
Now handling font encoding OMS ...
... processing UTF-8 mapping file for font encoding OMS

("C:\Program Files\MiKTeX 2.9\tex\latex\base\omsenc.dfu"
File: omsenc.dfu 2017/01/28 v1.1t UTF-8 support for inputenc
   defining Unicode char U+00A7 (decimal 167)
   defining Unicode char U+00B6 (decimal 182)
   defining Unicode char U+00B7 (decimal 183)
   defining Unicode char U+2020 (decimal 8224)
   defining Unicode char U+2021 (decimal 8225)
   defining Unicode char U+2022 (decimal 8226)
)
Now handling font encoding OMX ...
... no UTF-8 mapping file for font encoding OMX
Now handling font encoding U ...
... no UTF-8 mapping file for font encoding U
   defining Unicode char U+00A9 (decimal 169)
   defining Unicode char U+00AA (decimal 170)
   defining Unicode char U+00AE (decimal 174)
   defining Unicode char U+00BA (decimal 186)
   defining Unicode char U+02C6 (decimal 710)
   defining Unicode char U+02DC (decimal 732)
   defining Unicode char U+200C (decimal 8204)
   defining Unicode char U+2026 (decimal 8230)
   defining Unicode char U+2122 (decimal 8482)
   defining Unicode char U+2423 (decimal 9251)
))
("C:\Program Files\MiKTeX 2.9\tex\generic\babel\babel.sty"
Package: babel 2017/11/03 3.15 The Babel package

("C:\Program Files\MiKTeX 2.9\tex\generic\babel\switch.def"
File: switch.def 2017/11/03 3.15 Babel switching mechanism
)
*************************************
* Local config file bblopts.cfg used
*
("C:\Program Files\MiKTeX 2.9\tex\latex\arabi\bblopts.cfg"
File: bblopts.cfg 2005/09/08 v0.1 add Arabic and Farsi to "declared" options of
 babel
)
("C:\Program Files\MiKTeX 2.9\tex\latex\babel-german\ngerman.ldf"
Language: ngerman 2016/11/02 v2.9 German support for babel (new orthography)

("C:\Program Files\MiKTeX 2.9\tex\latex\babel-german\ngermanb.ldf"
Language: ngermanb 2016/11/02 v2.9 German support for babel (new orthography)

("C:\Program Files\MiKTeX 2.9\tex\generic\babel\babel.def"
File: babel.def 2017/11/03 3.15 Babel common definitions

("C:\Program Files\MiKTeX 2.9\tex\generic\babel\switch.def"
File: switch.def 2017/11/03 3.15 Babel switching mechanism
)
\babel@savecnt=\count88
\U@D=\dimen103
)
Package babel Info: Making " an active character on input line 125.
)))
("C:\Program Files\MiKTeX 2.9\tex\latex\graphics\graphicx.sty"
Package: graphicx 2017/06/01 v1.1a Enhanced LaTeX Graphics (DPC,SPQR)

("C:\Program Files\MiKTeX 2.9\tex\latex\graphics\keyval.sty"
Package: keyval 2014/10/28 v1.15 key=value parser (DPC)
\KV@toks@=\toks16
)
("C:\Program Files\MiKTeX 2.9\tex\latex\graphics\graphics.sty"
Package: graphics 2017/06/25 v1.2c Standard LaTeX Graphics (DPC,SPQR)

("C:\Program Files\MiKTeX 2.9\tex\latex\graphics\trig.sty"
Package: trig 2016/01/03 v1.10 sin cos tan (DPC)
)
("C:\Program Files\MiKTeX 2.9\tex\latex\graphics-cfg\graphics.cfg"
File: graphics.cfg 2016/06/04 v1.11 sample graphics configuration
)
Package graphics Info: Driver file: pdftex.def on input line 99.

("C:\Program Files\MiKTeX 2.9\tex\latex\graphics-def\pdftex.def"
File: pdftex.def 2017/06/24 v1.0g Graphics/color driver for pdftex
))
\Gin@req@height=\dimen104
\Gin@req@width=\dimen105
)
("C:\Program Files\MiKTeX 2.9\tex\latex\float\float.sty"
Package: float 2001/11/08 v1.3d Float enhancements (AL)
\c@float@type=\count89
\float@exts=\toks17
\float@box=\box26
\@float@everytoks=\toks18
\@floatcapt=\box27
)
("C:\Program Files\MiKTeX 2.9\tex\latex\fancyhdr\fancyhdr.sty"
Package: fancyhdr 2017/06/30 v3.9a Extensive control of page headers and footer
s
\f@nch@headwidth=\skip43
\f@nch@O@elh=\skip44
\f@nch@O@erh=\skip45
\f@nch@O@olh=\skip46
\f@nch@O@orh=\skip47
\f@nch@O@elf=\skip48
\f@nch@O@erf=\skip49
\f@nch@O@olf=\skip50
\f@nch@O@orf=\skip51
)
("C:\Program Files\MiKTeX 2.9\tex\latex\footmisc\footmisc.sty"
Package: footmisc 2011/06/06 v5.5b a miscellany of footnote facilities
\FN@temptoken=\toks19
\footnotemargin=\dimen106
\c@pp@next@reset=\count90
Package footmisc Info: Declaring symbol style bringhurst on input line 855.
Package footmisc Info: Declaring symbol style chicago on input line 863.
Package footmisc Info: Declaring symbol style wiley on input line 872.
Package footmisc Info: Declaring symbol style lamport-robust on input line 883.

Package footmisc Info: Declaring symbol style lamport* on input line 903.
Package footmisc Info: Declaring symbol style lamport*-robust on input line 924
.
)
("C:\Program Files\MiKTeX 2.9\tex\latex\tools\tabularx.sty"
Package: tabularx 2016/02/03 v2.11 `tabularx' package (DPC)

("C:\Program Files\MiKTeX 2.9\tex\latex\tools\array.sty"
Package: array 2016/10/06 v2.4d Tabular extension package (FMi)
\col@sep=\dimen107
\extrarowheight=\dimen108
\NC@list=\toks20
\extratabsurround=\skip52
\backup@length=\skip53
)
\TX@col@width=\dimen109
\TX@old@table=\dimen110
\TX@old@col=\dimen111
\TX@target=\dimen112
\TX@delta=\dimen113
\TX@cols=\count91
\TX@ftn=\toks21
) (Bachelorarbeit.aux)
\openout1 = `Bachelorarbeit.aux'.

LaTeX Font Info:    Checking defaults for OML/cmm/m/it on input line 35.
LaTeX Font Info:    ... okay on input line 35.
LaTeX Font Info:    Checking defaults for T1/cmr/m/n on input line 35.
LaTeX Font Info:    ... okay on input line 35.
LaTeX Font Info:    Checking defaults for OT1/cmr/m/n on input line 35.
LaTeX Font Info:    ... okay on input line 35.
LaTeX Font Info:    Checking defaults for OMS/cmsy/m/n on input line 35.
LaTeX Font Info:    ... okay on input line 35.
LaTeX Font Info:    Checking defaults for OMX/cmex/m/n on input line 35.
LaTeX Font Info:    ... okay on input line 35.
LaTeX Font Info:    Checking defaults for U/cmr/m/n on input line 35.
LaTeX Font Info:    ... okay on input line 35.
("C:\Program Files\MiKTeX 2.9\tex\context\base\supp-pdf.mkii"
[Loading MPS to PDF converter (version 2006.09.02).]
\scratchcounter=\count92
\scratchdimen=\dimen114
\scratchbox=\box28
\nofMPsegments=\count93
\nofMParguments=\count94
\everyMPshowfont=\toks22
\MPscratchCnt=\count95
\MPscratchDim=\dimen115
\MPnumerator=\count96
\makeMPintoPDFobject=\count97
\everyMPtoPDFconversion=\toks23
) ("C:\Program Files\MiKTeX 2.9\tex\latex\oberdiek\epstopdf-base.sty"
Package: epstopdf-base 2016/05/15 v2.6 Base part for package epstopdf

("C:\Program Files\MiKTeX 2.9\tex\generic\oberdiek\infwarerr.sty"
Package: infwarerr 2016/05/16 v1.4 Providing info/warning/error messages (HO)
)
("C:\Program Files\MiKTeX 2.9\tex\latex\oberdiek\grfext.sty"
Package: grfext 2016/05/16 v1.2 Manage graphics extensions (HO)

("C:\Program Files\MiKTeX 2.9\tex\generic\oberdiek\kvdefinekeys.sty"
Package: kvdefinekeys 2016/05/16 v1.4 Define keys (HO)

("C:\Program Files\MiKTeX 2.9\tex\generic\oberdiek\ltxcmds.sty"
Package: ltxcmds 2016/05/16 v1.23 LaTeX kernel commands for general use (HO)
)))
("C:\Program Files\MiKTeX 2.9\tex\latex\oberdiek\kvoptions.sty"
Package: kvoptions 2016/05/16 v3.12 Key value format for package options (HO)

("C:\Program Files\MiKTeX 2.9\tex\generic\oberdiek\kvsetkeys.sty"
Package: kvsetkeys 2016/05/16 v1.17 Key value parser (HO)

("C:\Program Files\MiKTeX 2.9\tex\generic\oberdiek\etexcmds.sty"
Package: etexcmds 2016/05/16 v1.6 Avoid name clashes with e-TeX commands (HO)

("C:\Program Files\MiKTeX 2.9\tex\generic\oberdiek\ifluatex.sty"
Package: ifluatex 2016/05/16 v1.4 Provides the ifluatex switch (HO)
Package ifluatex Info: LuaTeX not detected.
)
Package etexcmds Info: Could not find \expanded.
(etexcmds)             That can mean that you are not using pdfTeX 1.50 or
(etexcmds)             that some package has redefined \expanded.
(etexcmds)             In the latter case, load this package earlier.
)))
("C:\Program Files\MiKTeX 2.9\tex\generic\oberdiek\pdftexcmds.sty"
Package: pdftexcmds 2017/03/19 v0.25 Utility functions of pdfTeX for LuaTeX (HO
)

("C:\Program Files\MiKTeX 2.9\tex\generic\oberdiek\ifpdf.sty"
Package: ifpdf 2017/03/15 v3.2 Provides the ifpdf switch
)
Package pdftexcmds Info: LuaTeX not detected.
Package pdftexcmds Info: \pdf@primitive is available.
Package pdftexcmds Info: \pdf@ifprimitive is available.
Package pdftexcmds Info: \pdfdraftmode found.
)
Package epstopdf-base Info: Redefining graphics rule for `.eps' on input line 4
38.
Package grfext Info: Graphics extension search list:
(grfext)             [.pdf,.png,.jpg,.mps,.jpeg,.jbig2,.jb2,.PDF,.PNG,.JPG,.JPE
G,.JBIG2,.JB2,.eps]
(grfext)             \AppendGraphicsExtensions on input line 456.
)
<Darstellungen/B_M_Logo2.jpg, id=1, 125.268pt x 62.8749pt>
File: Darstellungen/B_M_Logo2.jpg Graphic file (type jpg)
<use Darstellungen/B_M_Logo2.jpg>
Package pdftex.def Info: Darstellungen/B_M_Logo2.jpg  used on input line 51. on
 input line 51.
Package pdftex.def Info: Requested size: 125.26768pt x 62.87473pt on input line
 51.
LaTeX Font Info:    External font `cmex10' loaded for size
(Font)              <12> on input line 64.
LaTeX Font Info:    External font `cmex10' loaded for size
(Font)              <8> on input line 64.
LaTeX Font Info:    External font `cmex10' loaded for size
(Font)              <6> on input line 64.
 [1

{C:/Users/Jensen/AppData/Local/MiKTeX/2.9/pdftex/config/pdftex.map} <./Darstell
ungen/B_M_Logo2.jpg>] [1

] (Bachelorarbeit.toc [2

])
\tf@toc=\write3
\openout3 = `Bachelorarbeit.toc'.



Package Fancyhdr Warning: \headheight is too small (12.0pt): 
 Make it at least 14.49998pt.
 We now make it that large for the rest of the document.
 This may cause the page layout to be inconsistent, however.

[3]
Kapitel 1.
[4

]
<Darstellungen/Uebersicht_System.pdf, id=20, pagebox=cropbox, 704.77605pt x 377
.00879pt>
File: Darstellungen/Uebersicht_System.pdf Graphic file (type pdf)
<use Darstellungen/Uebersicht_System.pdf>
Package pdftex.def Info: Darstellungen/Uebersicht_System.pdf  used on input lin
e 99. on input line 99.
Package pdftex.def Info: Requested size: 455.24408pt x 243.52834pt on input lin
e 99.
LaTeX Font Info:    Try loading font information for OMS+cmr on input line 104.

 ("C:\Program Files\MiKTeX 2.9\tex\latex\base\omscmr.fd"
File: omscmr.fd 2014/09/29 v2.5h Standard LaTeX font definitions
)
LaTeX Font Info:    Font shape `OMS/cmr/m/n' in size <12> not available
(Font)              Font shape `OMS/cmsy/m/n' tried instead on input line 104.
LaTeX Font Info:    External font `cmex10' loaded for size
(Font)              <7> on input line 109.
LaTeX Font Info:    External font `cmex10' loaded for size
(Font)              <5> on input line 109.
 [5] [6 <./Darstellungen/Uebersicht_System.pdf>]
<Darstellungen/Systemuebersicht-Einleitung.pdf, id=238, pagebox=cropbox, 756.69
7pt x 259.7705pt>
File: Darstellungen/Systemuebersicht-Einleitung.pdf Graphic file (type pdf)
<use Darstellungen/Systemuebersicht-Einleitung.pdf>
Package pdftex.def Info: Darstellungen/Systemuebersicht-Einleitung.pdf  used on
 input line 117. on input line 117.
Package pdftex.def Info: Requested size: 455.24408pt x 156.28365pt on input lin
e 117.
 [7 <./Darstellungen/Systemuebersicht-Einleitung.pdf>] [8]
Kapitel 2.
<Darstellungen/Systemuebersicht-Grundlagen.pdf, id=360, pagebox=cropbox, 641.88
507pt x 158.19101pt>
File: Darstellungen/Systemuebersicht-Grundlagen.pdf Graphic file (type pdf)
<use Darstellungen/Systemuebersicht-Grundlagen.pdf>
Package pdftex.def Info: Darstellungen/Systemuebersicht-Grundlagen.pdf  used on
 input line 132. on input line 132.
Package pdftex.def Info: Requested size: 455.24408pt x 112.19328pt on input lin
e 132.
[9

] [10 <./Darstellungen/Systemuebersicht-Grundlagen.pdf>]
<Darstellungen/ADTF_uebersicht_markiert.png, id=433, 1084.05pt x 634.62094pt>
File: Darstellungen/ADTF_uebersicht_markiert.png Graphic file (type png)
<use Darstellungen/ADTF_uebersicht_markiert.png>
Package pdftex.def Info: Darstellungen/ADTF_uebersicht_markiert.png  used on in
put line 152. on input line 152.
Package pdftex.def Info: Requested size: 455.24408pt x 266.50992pt on input lin
e 152.
<Darstellungen/ADTF_componenttree.png, id=434, 335.75438pt x 252.945pt>
File: Darstellungen/ADTF_componenttree.png Graphic file (type png)
<use Darstellungen/ADTF_componenttree.png>
Package pdftex.def Info: Darstellungen/ADTF_componenttree.png  used on input li
ne 158. on input line 158.
Package pdftex.def Info: Requested size: 201.45418pt x 151.76816pt on input lin
e 158.
 [11] [12 <./Darstellungen/ADTF_uebersicht_markiert.png> <./Darstellungen/ADTF_
componenttree.png>]
[13] [14]
<Darstellungen/client-server-neu.pdf, id=449, pagebox=cropbox, 334.59404pt x 37
1.58826pt>
File: Darstellungen/client-server-neu.pdf Graphic file (type pdf)
<use Darstellungen/client-server-neu.pdf>
Package pdftex.def Info: Darstellungen/client-server-neu.pdf  used on input lin
e 197. on input line 197.
Package pdftex.def Info: Requested size: 334.59322pt x 371.58734pt on input lin
e 197.
 [15] [16 <./Darstellungen/client-server-neu.pdf>] [17]
Kapitel 3.
[18

] [19] [20] [21] [22] [23]
Kapitel 4.
[24

]
<Darstellungen/UebersichtKonzept.pdf, id=617, pagebox=cropbox, 384.73235pt x 51
5.61739pt>
File: Darstellungen/UebersichtKonzept.pdf Graphic file (type pdf)
<use Darstellungen/UebersichtKonzept.pdf>
Package pdftex.def Info: Darstellungen/UebersichtKonzept.pdf  used on input lin
e 274. on input line 274.
Package pdftex.def Info: Requested size: 423.20688pt x 567.18088pt on input lin
e 274.


LaTeX Warning: Float too large for page by 15.01419pt on input line 277.

[25] [26 <./Darstellungen/UebersichtKonzept.pdf>]
<Darstellungen/Hardware_neu.png, id=760, 704.6325pt x 510.40688pt>
File: Darstellungen/Hardware_neu.png Graphic file (type png)
<use Darstellungen/Hardware_neu.png>
Package pdftex.def Info: Darstellungen/Hardware_neu.png  used on input line 289
. on input line 289.
Package pdftex.def Info: Requested size: 455.24408pt x 329.75897pt on input lin
e 289.
 [27 <./Darstellungen/Hardware_neu.png>]
<Darstellungen/Uebersicht_Measurement-Device.pdf, id=766, pagebox=cropbox, 639.
08905pt x 300.4525pt>
File: Darstellungen/Uebersicht_Measurement-Device.pdf Graphic file (type pdf)
<use Darstellungen/Uebersicht_Measurement-Device.pdf>
Package pdftex.def Info: Darstellungen/Uebersicht_Measurement-Device.pdf  used 
on input line 297. on input line 297.
Package pdftex.def Info: Requested size: 455.24408pt x 214.02878pt on input lin
e 297.
 [28 <./Darstellungen/Uebersicht_Measurement-Device.pdf>] [29]
<Darstellungen/UebersichtKommunikationCaptureDevice2.pdf, id=926, pagebox=cropb
ox, 328.53168pt x 234.68149pt>
File: Darstellungen/UebersichtKommunikationCaptureDevice2.pdf Graphic file (typ
e pdf)
<use Darstellungen/UebersichtKommunikationCaptureDevice2.pdf>
Package pdftex.def Info: Darstellungen/UebersichtKommunikationCaptureDevice2.pd
f  used on input line 314. on input line 314.
Package pdftex.def Info: Requested size: 262.82568pt x 187.74544pt on input lin
e 314.

[30 <./Darstellungen/UebersichtKommunikationCaptureDevice2.pdf>]
<Darstellungen/UebersichtKommunikationCaptureDevice.pdf, id=1143, pagebox=cropb
ox, 273.93103pt x 159.96481pt>
File: Darstellungen/UebersichtKommunikationCaptureDevice.pdf Graphic file (type
 pdf)
<use Darstellungen/UebersichtKommunikationCaptureDevice.pdf>
Package pdftex.def Info: Darstellungen/UebersichtKommunikationCaptureDevice.pdf
  used on input line 329. on input line 329.
Package pdftex.def Info: Requested size: 455.24408pt x 265.86612pt on input lin
e 329.
 [31] [32 <./Darstellungen/UebersichtKommunikationCaptureDevice.pdf>] [33] [34]
 [35] [36]
[37] [38] [39] [40]
<Darstellungen/Filtergraph.png, id=1204, 468.24937pt x 182.93344pt>
File: Darstellungen/Filtergraph.png Graphic file (type png)
<use Darstellungen/Filtergraph.png>
Package pdftex.def Info: Darstellungen/Filtergraph.png  used on input line 517.
 on input line 517.
Package pdftex.def Info: Requested size: 455.24408pt x 177.86111pt on input lin
e 517.
 [41] [42 <./Darstellungen/Filtergraph.png>] [43] [44]
<Darstellungen/Konzept-Adapter-Filter.pdf, id=1218, pagebox=cropbox, 428.48479p
t x 129.73468pt>
File: Darstellungen/Konzept-Adapter-Filter.pdf Graphic file (type pdf)
<use Darstellungen/Konzept-Adapter-Filter.pdf>
Package pdftex.def Info: Darstellungen/Konzept-Adapter-Filter.pdf  used on inpu
t line 543. on input line 543.
Package pdftex.def Info: Requested size: 455.24408pt x 137.84077pt on input lin
e 543.

[45] [46 <./Darstellungen/Konzept-Adapter-Filter.pdf>] [47] [48]
Kapitel 5.
[49

]
<Darstellungen/Klassendiagramm.pdf, id=1294, pagebox=cropbox, 520.4195pt x 674.
58322pt>
File: Darstellungen/Klassendiagramm.pdf Graphic file (type pdf)
<use Darstellungen/Klassendiagramm.pdf>
Package pdftex.def Info: Darstellungen/Klassendiagramm.pdf  used on input line 
598. on input line 598.
Package pdftex.def Info: Requested size: 442.35866pt x 573.39845pt on input lin
e 598.


LaTeX Warning: Float too large for page by 21.23177pt on input line 601.

[50] [51 <./Darstellungen/Klassendiagramm.pdf>] [52] [53]
<Darstellungen/SequenzLoadConfig.pdf, id=1321, pagebox=cropbox, 528.07689pt x 6
40.30716pt>
File: Darstellungen/SequenzLoadConfig.pdf Graphic file (type pdf)
<use Darstellungen/SequenzLoadConfig.pdf>
Package pdftex.def Info: Darstellungen/SequenzLoadConfig.pdf  used on input lin
e 627. on input line 627.
Package pdftex.def Info: Requested size: 448.86748pt x 544.26366pt on input lin
e 627.
 [54] [55 <./Darstellungen/SequenzLoadConfig.pdf>] [56]
<Darstellungen/SequenzAliveCounter.pdf, id=1425, pagebox=cropbox, 385.80534pt x
 547.95793pt>
File: Darstellungen/SequenzAliveCounter.pdf Graphic file (type pdf)
<use Darstellungen/SequenzAliveCounter.pdf>
Package pdftex.def Info: Darstellungen/SequenzAliveCounter.pdf  used on input l
ine 650. on input line 650.
Package pdftex.def Info: Requested size: 405.0958pt x 575.35608pt on input line
 650.


LaTeX Warning: Float too large for page by 23.18939pt on input line 653.

<Darstellungen/SequenzProofMonitoring.pdf, id=1426, pagebox=cropbox, 535.1834pt
 x 682.98663pt>
File: Darstellungen/SequenzProofMonitoring.pdf Graphic file (type pdf)
<use Darstellungen/SequenzProofMonitoring.pdf>
Package pdftex.def Info: Darstellungen/SequenzProofMonitoring.pdf  used on inpu
t line 658. on input line 658.
Package pdftex.def Info: Requested size: 454.90804pt x 580.54138pt on input lin
e 658.

LaTeX Warning: Float too large for page by 28.3747pt on input line 661.

[57] [58 <./Darstellungen/SequenzAliveCounter.pdf>] [59] [60 <./Darstellungen/S
equenzProofMonitoring.pdf>] [61]
<Darstellungen/MonitoringTakt.png, id=1685, 459.96844pt x 205.5178pt>
File: Darstellungen/MonitoringTakt.png Graphic file (type png)
<use Darstellungen/MonitoringTakt.png>
Package pdftex.def Info: Darstellungen/MonitoringTakt.png  used on input line 6
93. on input line 693.
Package pdftex.def Info: Requested size: 455.24408pt x 203.41934pt on input lin
e 693.
 [62] [63 <./Darstellungen/MonitoringTakt.png>] [64]
Kapitel 6.
[65

] [66] [67]
Overfull \hbox (3.28737pt too wide) in paragraph at lines 746--749
\OT1/cmr/m/n/12 1681-1, We-b-link TCP http://www.elektronik-kompendium.de/sites
/net/0812271.htm
 []

[68

] [69]
Anhang A.
[70

] [71]
Overfull \hbox (25.69041pt too wide) in paragraph at lines 801--804
[]\OT1/cmtt/m/n/12 CommunicationInterface = TCP[][]Server.TCP[][]Server(ADTF,"I
PAddress",Port) 
 []


Underfull \hbox (badness 10000) in paragraph at lines 801--804

 []


Underfull \hbox (badness 10000) in paragraph at lines 811--812

 []

<Darstellungen/EinbindungSkript.pdf, id=1717, pagebox=cropbox, 455.10025pt x 18
0.675pt>
File: Darstellungen/EinbindungSkript.pdf Graphic file (type pdf)
<use Darstellungen/EinbindungSkript.pdf>
Package pdftex.def Info: Darstellungen/EinbindungSkript.pdf  used on input line
 818. on input line 818.
Package pdftex.def Info: Requested size: 455.24408pt x 180.73244pt on input lin
e 818.
[72] [73 <./Darstellungen/EinbindungSkript.pdf>] [74

] (Bachelorarbeit.aux) ) 
Here is how much of TeX's memory you used:
 2888 strings out of 493312
 42184 string characters out of 3138895
 112044 words of memory out of 3000000
 6362 multiletter control sequences out of 15000+200000
 8977 words of font info for 32 fonts, out of 3000000 for 9000
 1141 hyphenation exceptions out of 8191
 41i,11n,44p,1674b,371s stack positions out of 5000i,500n,10000p,200000b,50000s
<C:/Program Files/MiKTeX 2.9/fonts/type1/public/amsfont
s/cm/cmbx10.pfb><C:/Program Files/MiKTeX 2.9/fonts/type1/public/amsfonts/cm/cmb
x12.pfb><C:/Program Files/MiKTeX 2.9/fonts/type1/public/amsfonts/cm/cmr10.pfb><
C:/Program Files/MiKTeX 2.9/fonts/type1/public/amsfonts/cm/cmr12.pfb><C:/Progra
m Files/MiKTeX 2.9/fonts/type1/public/amsfonts/cm/cmr7.pfb><C:/Program Files/Mi
KTeX 2.9/fonts/type1/public/amsfonts/cm/cmr8.pfb><C:/Program Files/MiKTeX 2.9/f
onts/type1/public/amsfonts/cm/cmsy10.pfb><C:/Program Files/MiKTeX 2.9/fonts/typ
e1/public/amsfonts/cm/cmtt12.pfb>
Output written on Bachelorarbeit.pdf (75 pages, 2252886 bytes).
PDF statistics:
 1764 PDF objects out of 2073 (max. 8388607)
 0 named destinations out of 1000 (max. 500000)
 101 words of extra memory for PDF output out of 10000 (max. 10000000)

